HF PYTHON PROGRAM OUTPUT FILE
==============================

RUN INFO
--------
input file: H2O.xyz
basis type: 3-21G
number of atoms: 3
number of electrons: 10
number of basis functions: 13
maximum number of iterations: 50
energy tolerance |dE| < 1.000e-08
density tolerance p_rms < 1.000e-06

ATOM COORDINATES (BOHR)
-----------------------
 Z  sym          x               y               z
--- ----  ---------------  ---------------  ---------------
  8    O       0.19459423       0.77837689       0.00000000
  1    H       2.00873131       0.77837689       0.00000000
  1    H      -0.41097717       2.48845777       0.00000000

CGTO BASIS SET
--------------
[      X            Y            Z     ]  (i, j, k)  (    coeff   ,     alpha   )
----------------------------------------  ---------  ----------------------------
[  0.19459423   0.77837689   0.00000000], (0, 0, 0), (  0.05923939, 322.03700000), (  0.35149996,  48.43080000), (  0.70765792,  10.42060000)
[  0.19459423   0.77837689   0.00000000], (0, 0, 0), ( -0.40445358,   7.40294000), (  1.22156176,   1.57620000)
[  0.19459423   0.77837689   0.00000000], (1, 0, 0), (  0.24458611,   7.40294000), (  0.85395537,   1.57620000)
[  0.19459423   0.77837689   0.00000000], (0, 1, 0), (  0.24458611,   7.40294000), (  0.85395537,   1.57620000)
[  0.19459423   0.77837689   0.00000000], (0, 0, 1), (  0.24458611,   7.40294000), (  0.85395537,   1.57620000)
[  0.19459423   0.77837689   0.00000000], (0, 0, 0), (  1.00000000,   0.37368400)
[  0.19459423   0.77837689   0.00000000], (1, 0, 0), (  1.00000000,   0.37368400)
[  0.19459423   0.77837689   0.00000000], (0, 1, 0), (  1.00000000,   0.37368400)
[  0.19459423   0.77837689   0.00000000], (0, 0, 1), (  1.00000000,   0.37368400)
[  2.00873131   0.77837689   0.00000000], (0, 0, 0), (  0.15628498,   5.44717800), (  0.90469088,   0.82454724)
[  2.00873131   0.77837689   0.00000000], (0, 0, 0), (  1.00000000,   0.18319158)
[ -0.41097717   2.48845777   0.00000000], (0, 0, 0), (  0.15628498,   5.44717800), (  0.90469088,   0.82454724)
[ -0.41097717   2.48845777   0.00000000], (0, 0, 0), (  1.00000000,   0.18319158)

INTEGRAL BUILD TIMINGS
----------------------
S:         0.026 s
X:         0.000 s
H:         0.132 s
ERI:      20.768 s
Enuc:      0.000 s

SCF ITERATIONS
--------------
Starting with a guess from hamiltonian:

    epsilon    |            coefficients             
---------------+-------------------------------------
   -32.90939970|  0.99267220   0.04957896   0.00131984   0.00186752   0.00000000  -0.02356300  -0.00250174  -0.00353988  -0.00000000   0.00188895   0.00430869   0.00188895   0.00430869
    -8.94794065| -0.20562068   0.68632103   0.33564968   0.47493332  -0.00000000   0.20193128  -0.00224084  -0.00317071   0.00000000   0.01386965  -0.02503233   0.01386965  -0.02503233
    -8.78784964| -0.00000000   0.00000000   0.83704489  -0.59156484  -0.00000000   0.00000000  -0.06680043   0.04720987   0.00000000   0.02957020   0.02476483  -0.02957020  -0.02476483
    -8.69543959| -0.00000000   0.00000000   0.00000000  -0.00000000   1.02124229   0.00000000   0.00000000   0.00000000  -0.04405157  -0.00000000  -0.00000000  -0.00000000  -0.00000000
    -8.63477843|  0.14642231  -0.47988779   0.48502272   0.68629127   0.00000000  -0.17423839  -0.03861869  -0.05464418  -0.00000000   0.01358566   0.02765858   0.01358566   0.02765858
    -4.71277234|  0.02269642  -0.61747448  -0.18448184  -0.26103580  -0.00000000   0.53403513   0.27402097   0.38773074  -0.00000000   0.39492251  -0.00366892   0.39492255  -0.00366893
    -4.67941734| -0.00000000   0.00000003   0.36499705  -0.25795440   0.00000000  -0.00000002  -0.52661417   0.37217407  -0.00000000  -0.45962848   0.09843121   0.45962845  -0.09843121
    -4.17956220|  0.00000000  -0.00000000   0.00000000   0.00000000  -0.53685309   0.00000000  -0.00000000  -0.00000000   1.15291219   0.00000000   0.00000000  -0.00000000  -0.00000000
    -4.04672444| -0.01086646   0.60105000  -0.24957731  -0.35314372  -0.00000000  -0.54856606   0.60399333   0.85463079   0.00000000  -0.17036463  -0.11509587  -0.17036463  -0.11509588
    -3.66938218| -0.00000000  -0.00000000   0.31565120  -0.22308021   0.00000000   0.00000001  -1.20872910   0.85424528  -0.00000000   0.80353865   0.19368433  -0.80353866  -0.19368433
    -3.35822784| -0.04174504  -0.87202929  -0.08349088  -0.11813686  -0.00000000   1.42068502   0.42632025   0.60322919   0.00000000  -0.93833074   0.11957361  -0.93833074   0.11957361
    -2.57514815|  0.03520818   0.75573001   0.05628367   0.07963955  -0.00000000  -1.74569056  -0.23261918  -0.32914854   0.00000000  -0.19958929   1.05826631  -0.19958930   1.05826633
    -2.48980629| -0.00000000  -0.00000000  -0.13655489   0.09650746  -0.00000000   0.00000001   0.51224897  -0.36202178   0.00000000   0.41835612  -1.42164874  -0.41835611   1.42164873

 it |        E_tot (Eh) |          dE |     p_rms 
----+-------------------+-------------+-----------
  1 |    -58.5410365106 |   6.825e+01 |  8.72e-01
  2 |    -83.9888666227 |  -2.545e+01 |  7.17e-01
  3 |    -70.7517941364 |   1.324e+01 |  1.63e-01
  4 |    -77.1594065287 |  -6.408e+00 |  6.03e-02
  5 |    -74.9727641668 |   2.187e+00 |  1.62e-02
  6 |    -75.8023913016 |  -8.296e-01 |  7.65e-03
  7 |    -75.5087874794 |   2.936e-01 |  2.15e-03
  8 |    -75.6137027496 |  -1.049e-01 |  1.10e-03
  9 |    -75.5761158163 |   3.759e-02 |  3.41e-04
 10 |    -75.5893987600 |  -1.328e-02 |  1.96e-04
 11 |    -75.5846045368 |   4.794e-03 |  7.47e-05
 12 |    -75.5862793125 |  -1.675e-03 |  4.43e-05
 13 |    -75.5856645304 |   6.148e-04 |  2.00e-05
 14 |    -75.5858736017 |  -2.091e-04 |  1.14e-05
 15 |    -75.5857936996 |   7.990e-05 |  5.63e-06
 16 |    -75.5858192145 |  -2.551e-05 |  3.09e-06
 17 |    -75.5858085311 |   1.068e-05 |  1.58e-06
 18 |    -75.5858114785 |  -2.947e-06 |  8.51e-07
 19 |    -75.5858099683 |   1.510e-06 |  4.44e-07
 20 |    -75.5858102602 |  -2.920e-07 |  2.36e-07
 21 |    -75.5858100251 |   2.352e-07 |  1.24e-07
 22 |    -75.5858100391 |  -1.399e-08 |  6.58e-08
 23 |    -75.5858099970 |   4.205e-08 |  3.46e-08
 24 |    -75.5858099923 |   4.684e-09 |  1.83e-08

Computed molecular orbitals and energies:

    epsilon    |            coefficients             
---------------+-------------------------------------
   -20.42410412|  0.98321859   0.09583574   0.00195989   0.00277318   0.00000000  -0.03786287  -0.00364133  -0.00515237  -0.00000000   0.00238012   0.00698012   0.00238012   0.00698012
    -1.32206194|  0.22978381  -0.21801190  -0.04567402  -0.06462724   0.00000000  -0.70851403  -0.05117131  -0.07240573  -0.00000000  -0.11640329  -0.01993305  -0.11640329  -0.01993305
    -0.69197243|  0.00000000  -0.00000000  -0.32367138   0.22874832  -0.00000000  -0.00000000  -0.29994777   0.21198213   0.00000000  -0.23390873  -0.17799693   0.23390873   0.17799693
    -0.52705279| -0.08468554   0.07877682  -0.25806226  -0.36514965  -0.00000000   0.38960836  -0.29979705  -0.42420302  -0.00000000  -0.12560691  -0.10398683  -0.12560690  -0.10398683
    -0.47639797|  0.00000000  -0.00000000   0.00000000   0.00000000  -0.52048455  -0.00000000   0.00000000   0.00000000  -0.63286152   0.00000000   0.00000000   0.00000000   0.00000000
     0.26331159| -0.11147204   0.03631620   0.11717615   0.16580042   0.00000000   1.05548893   0.25940150   0.36704463   0.00000000  -0.05316301  -0.86610642  -0.05316301  -0.86610642
     0.36340085|  0.00000000  -0.00000000   0.24632897  -0.17408811  -0.00000000  -0.00000001   0.63822301  -0.45105143  -0.00000000  -0.03007986  -1.16417738   0.03007986   1.16417740
     1.22114661|  0.00000000  -0.00000000  -0.16784600   0.11862182   0.00000000   0.00000000  -0.37844524   0.26745865  -0.00000000   0.97369819  -0.66194686  -0.97369814   0.66194683
     1.27317120|  0.06669823  -0.08877280  -0.13871436  -0.19627628   0.00000000  -0.11216288  -0.17164889  -0.24287759  -0.00000000   0.97865377  -0.49360990   0.97865383  -0.49360993
     1.78510124|  0.00000000  -0.00000000   0.00000000   0.00000000   1.02968097  -0.00000000  -0.00000000  -0.00000000  -0.96469340   0.00000000   0.00000000   0.00000000  -0.00000000
     1.85832101| -0.04030113   0.11649875  -0.58782171  -0.83174848   0.00000000   0.16776169   0.64893902   0.91822748  -0.00000000  -0.22185893  -0.09907829  -0.22185893  -0.09907830
     2.02913921|  0.00000000  -0.00000000   0.87094001  -0.61551954  -0.00000000   0.00000000  -1.16820022   0.82560229   0.00000000   0.17065382   0.49369548  -0.17065382  -0.49369548
     3.10431307| -0.08685065   1.64079090   0.08472353   0.11988102   0.00000000  -1.97827915  -0.25860083  -0.36591171  -0.00000000   0.25792527   0.36610005   0.25792527   0.36610005

SCF converged in 24 iterations
Final E_tot = -75.585809977250 Eh

RUN END
-------
Total run time: 20.95 s
