HF PYTHON PROGRAM OUTPUT FILE
==============================

RUN INFO
--------
input file: H2O.xyz
basis type: 6-311G
number of atoms: 3
number of electrons: 10
number of basis functions: 19
maximum number of iterations: 50
energy tolerance |dE| < 1.000e-08
density tolerance p_rms < 1.000e-06

ATOM COORDINATES (BOHR)
-----------------------
 Z  sym          x               y               z
--- ----  ---------------  ---------------  ---------------
  8    O       0.19459423       0.77837689       0.00000000
  1    H       2.00873131       0.77837689       0.00000000
  1    H      -0.41097717       2.48845777       0.00000000

CGTO BASIS SET
--------------
[      X            Y            Z     ]  (i, j, k)  (    coeff   ,     alpha   )
----------------------------------------  ---------  ----------------------------
[  0.19459423   0.77837689   0.00000000], (0, 0, 0), (  0.00189515, 8588.50000000), (  0.01438590, 1297.23000000), (  0.07073200, 299.29600000), (  0.24000100,  87.37710000), (  0.59479700,  25.67890000), (  0.28080200,   3.74004000)
[  0.19459423   0.77837689   0.00000000], (0, 0, 0), (  0.11388900,  42.11750000), (  0.92081100,   9.62837000), ( -0.00327447,   2.85332000)
[  0.19459423   0.77837689   0.00000000], (1, 0, 0), (  0.03651140,  42.11750000), (  0.23715300,   9.62837000), (  0.81970200,   2.85332000)
[  0.19459423   0.77837689   0.00000000], (0, 1, 0), (  0.03651140,  42.11750000), (  0.23715300,   9.62837000), (  0.81970200,   2.85332000)
[  0.19459423   0.77837689   0.00000000], (0, 0, 1), (  0.03651140,  42.11750000), (  0.23715300,   9.62837000), (  0.81970200,   2.85332000)
[  0.19459423   0.77837689   0.00000000], (0, 0, 0), (  1.00000000,   0.90566100)
[  0.19459423   0.77837689   0.00000000], (1, 0, 0), (  1.00000000,   0.90566100)
[  0.19459423   0.77837689   0.00000000], (0, 1, 0), (  1.00000000,   0.90566100)
[  0.19459423   0.77837689   0.00000000], (0, 0, 1), (  1.00000000,   0.90566100)
[  0.19459423   0.77837689   0.00000000], (0, 0, 0), (  1.00000000,   0.25561100)
[  0.19459423   0.77837689   0.00000000], (1, 0, 0), (  1.00000000,   0.25561100)
[  0.19459423   0.77837689   0.00000000], (0, 1, 0), (  1.00000000,   0.25561100)
[  0.19459423   0.77837689   0.00000000], (0, 0, 1), (  1.00000000,   0.25561100)
[  2.00873131   0.77837689   0.00000000], (0, 0, 0), (  0.02549380,  33.86500000), (  0.19037300,   5.09479000), (  0.85216100,   1.15879000)
[  2.00873131   0.77837689   0.00000000], (0, 0, 0), (  1.00000000,   0.32584000)
[  2.00873131   0.77837689   0.00000000], (0, 0, 0), (  1.00000000,   0.10274100)
[ -0.41097717   2.48845777   0.00000000], (0, 0, 0), (  0.02549380,  33.86500000), (  0.19037300,   5.09479000), (  0.85216100,   1.15879000)
[ -0.41097717   2.48845777   0.00000000], (0, 0, 0), (  1.00000000,   0.32584000)
[ -0.41097717   2.48845777   0.00000000], (0, 0, 0), (  1.00000000,   0.10274100)

INTEGRAL BUILD TIMINGS
----------------------
S:         0.098 s
X:         0.000 s
H:         0.502 s
ERI:     197.772 s
Enuc:      0.000 s

SCF ITERATIONS
--------------
Starting with a guess from hamiltonian:

    epsilon    |            coefficients             
---------------+-------------------------------------
   -33.08226106|  0.60288573   0.43563661   0.00137220   0.00194161   0.00000000  -0.04613915  -0.00135593  -0.00191859  -0.00000000   0.02895495   0.00309680   0.00438188   0.00000000   0.00100366  -0.00450228  -0.00352934   0.00100366  -0.00450228  -0.00352934
    -9.14568203| -0.08691064  -0.09144011   0.43303869   0.61273559  -0.00000000   0.52344879   0.13488635   0.19085977  -0.00000000  -0.12170287  -0.01799411  -0.02546107   0.00000000   0.00762780   0.01597690   0.01508261   0.00762780   0.01597690   0.01508261
    -9.11577241| -0.00000000  -0.00000000   0.68061155  -0.48100868  -0.00000000   0.00000001   0.19984719  -0.14123803  -0.00000000  -0.00000000  -0.01354512   0.00957274   0.00000000   0.01103134   0.00026826   0.00453822  -0.01103134  -0.00026826  -0.00453822
    -9.05171764| -0.00000000  -0.00000000   0.00000000   0.00000000   0.84405391   0.00000000   0.00000000   0.00000000   0.23118055   0.00000000  -0.00000000   0.00000000  -0.00766195   0.00000000  -0.00000000  -0.00000000   0.00000000  -0.00000000   0.00000000
    -8.79131758|  0.18715006   0.19617560   0.21809219   0.30859332  -0.00000000  -1.13476416   0.03354652   0.04746723  -0.00000000   0.26357110   0.02721790   0.03851244   0.00000000  -0.00338849  -0.03880448  -0.03037401  -0.00338849  -0.03880448  -0.03037401
    -4.90127595| -0.00000000  -0.00000000  -0.47605548   0.33644277   0.00000000   0.00000001   0.42834903  -0.30272718  -0.00000000  -0.00000002   0.19910404  -0.14071283  -0.00000000   0.31714605   0.11103331  -0.08412040  -0.31714606  -0.11103331   0.08412040
    -4.83673628|  0.05571740   0.05400984  -0.28375435  -0.40150309  -0.00000000  -0.60817206   0.25300060   0.35798755   0.00000000   0.73977670   0.21339523   0.30194726   0.00000000   0.28776284  -0.01733969  -0.06694848   0.28776282  -0.01733970  -0.06694848
    -4.42359870|  0.00000000  -0.00000000   0.00000000  -0.00000000   0.69793324   0.00000000  -0.00000000  -0.00000000  -0.70379381  -0.00000000   0.00000000  -0.00000000  -0.54042669  -0.00000000   0.00000000   0.00000000   0.00000000   0.00000000  -0.00000000
    -4.18172736| -0.06810659  -0.06921299  -0.26894056  -0.38054209  -0.00000000   0.89292660   0.29760032   0.42109471   0.00000000  -1.19960344   0.17737094   0.25097408  -0.00000000  -0.08580818  -0.04637236   0.06528468  -0.08580818  -0.04637235   0.06528468
    -3.70776864|  0.00000000   0.00000000   0.31491869  -0.22256253   0.00000000  -0.00000001  -0.34409240   0.24318047  -0.00000000   0.00000002  -1.01166087   0.71497123  -0.00000000   0.40444367   0.82888792  -0.03101173  -0.40444368  -0.82888794   0.03101173
    -3.57910960| -0.03613188  -0.04097186   0.10156812   0.14371556  -0.00000000   0.78381717  -0.09976605  -0.14116569   0.00000000  -2.19920932  -0.57556536  -0.81440614   0.00000000   0.47410596   1.00368008  -0.07895995   0.47410595   1.00368007  -0.07895995
    -2.74516086| -0.00000000  -0.00000000  -0.47449025   0.33533656   0.00000000   0.00000000   0.94366957  -0.66691973  -0.00000000  -0.00000002  -0.76034059   0.53735561   0.00000000   0.20103869  -0.08255146  -0.39488278  -0.20103870   0.08255148   0.39488279
    -2.68844078| -0.02143765  -0.01661179   0.32265652   0.45654840   0.00000000   0.26286745  -0.64342038  -0.91041875  -0.00000000  -0.82279866   0.46662087   0.66025323   0.00000000  -0.23019890   0.28465721   0.33250663  -0.23019890   0.28465722   0.33250662
    -2.53801888|  0.00000000   0.00000000   0.00000000  -0.00000000   0.74676289  -0.00000000  -0.00000000  -0.00000000  -1.49098533   0.00000000   0.00000000   0.00000000   1.22950908   0.00000000  -0.00000000  -0.00000000   0.00000000  -0.00000000  -0.00000000
    -2.31559484|  0.02627569   0.02554510   0.28561645   0.40413792  -0.00000000  -0.46062659  -0.58891252  -0.83329195   0.00000000   1.62763354   0.68838639   0.97404421  -0.00000000   0.26293166  -0.50292336  -0.67860719   0.26293166  -0.50292336  -0.67860719
    -1.97790974|  0.00000000   0.00000000  -0.44271036   0.31287675  -0.00000000  -0.00000000   0.95541731  -0.67522220   0.00000000   0.00000000  -1.39154522   0.98344694  -0.00000000  -0.47583585   0.75359942   1.10134498   0.47583585  -0.75359942  -1.10134497
    -1.71058338|  0.00581976   0.00750226  -0.09168538  -0.12973181   0.00000000  -0.18729442   0.15570219   0.22031350  -0.00000000  -0.59444598  -0.43809823  -0.61989467   0.00000000  -0.90936893   2.11511548  -0.93458909  -0.90936895   2.11511555  -0.93458914
    -1.56434969|  0.00000000   0.00000000  -0.04230667   0.02989940  -0.00000000  -0.00000000  -0.03396264   0.02400243   0.00000000  -0.00000001  -0.21462673   0.15168317  -0.00000000  -0.89570797   1.93804327  -1.63508848   0.89570794  -1.93804321   1.63508846
    35.57340812| -2.22833232   2.34744246   0.00278180   0.00393615   0.00000000  -0.30610330  -0.00914989  -0.01294680  -0.00000000   0.29944184   0.03270666   0.04627885   0.00000000   0.00569066  -0.04661115  -0.04106375   0.00569066  -0.04661115  -0.04106375

 it |        E_tot (Eh) |          dE |     p_rms 
----+-------------------+-------------+-----------
  1 |    -53.9661047997 |   7.525e+01 |  8.05e-01
  2 |    -88.3120086569 |  -3.435e+01 |  7.09e-01
  3 |    -68.7102348310 |   1.960e+01 |  1.51e-01
  4 |    -79.5361572630 |  -1.083e+01 |  8.51e-02
  5 |    -74.2559206951 |   5.280e+00 |  2.83e-02
  6 |    -76.8006880305 |  -2.545e+00 |  1.59e-02
  7 |    -75.6540160182 |   1.147e+00 |  5.88e-03
  8 |    -76.1715742452 |  -5.176e-01 |  3.05e-03
  9 |    -75.9389486811 |   2.326e-01 |  1.21e-03
 10 |    -76.0428378060 |  -1.039e-01 |  6.07e-04
 11 |    -75.9961305110 |   4.671e-02 |  2.47e-04
 12 |    -76.0169559608 |  -2.083e-02 |  1.24e-04
 13 |    -76.0075905483 |   9.365e-03 |  5.07e-05
 14 |    -76.0117627708 |  -4.172e-03 |  2.62e-05
 15 |    -76.0098847630 |   1.878e-03 |  1.06e-05
 16 |    -76.0107202516 |  -8.355e-04 |  5.73e-06
 17 |    -76.0103435309 |   3.767e-04 |  2.34e-06
 18 |    -76.0105107577 |  -1.672e-04 |  1.31e-06
 19 |    -76.0104351519 |   7.561e-05 |  5.45e-07
 20 |    -76.0104686031 |  -3.345e-05 |  3.14e-07
 21 |    -76.0104534194 |   1.518e-05 |  1.36e-07
 22 |    -76.0104601054 |  -6.686e-06 |  7.92e-08
 23 |    -76.0104570533 |   3.052e-06 |  3.59e-08
 24 |    -76.0104583882 |  -1.335e-06 |  2.08e-08
 25 |    -76.0104577739 |   6.143e-07 |  9.81e-09
 26 |    -76.0104580400 |  -2.661e-07 |  5.60e-09
 27 |    -76.0104579161 |   1.239e-07 |  2.73e-09
 28 |    -76.0104579690 |  -5.292e-08 |  1.54e-09
 29 |    -76.0104579440 |   2.503e-08 |  7.70e-10
 30 |    -76.0104579545 |  -1.049e-08 |  4.26e-10
 31 |    -76.0104579494 |   5.077e-09 |  2.17e-10

Computed molecular orbitals and energies:

    epsilon    |            coefficients             
---------------+-------------------------------------
   -20.54979248|  0.55144492   0.47167894   0.00143140   0.00202538   0.00000000   0.00550155  -0.00052908  -0.00074864  -0.00000000  -0.00015801   0.00019677   0.00027843   0.00000000   0.00019819  -0.00010980   0.00010383   0.00019819  -0.00010980   0.00010383
    -1.35182963| -0.11352572  -0.19049127   0.02279304   0.03225141  -0.00000000   0.54441012   0.05087682   0.07198904  -0.00000000   0.44247167   0.03037000   0.04297255  -0.00000000   0.09738994   0.03927686  -0.00383589   0.09738994   0.03927686  -0.00383589
    -0.71884484|  0.00000000   0.00000000  -0.17965829   0.12696992  -0.00000000  -0.00000000  -0.29989026   0.21194148  -0.00000000  -0.00000000  -0.18018179   0.12733990  -0.00000000  -0.15951980  -0.19824470  -0.04860150   0.15951980   0.19824470   0.04860150
    -0.55413394| -0.03915746  -0.06627096  -0.14699058  -0.20798686   0.00000000   0.20293939  -0.22223785  -0.31445928   0.00000000   0.26837825  -0.22808162  -0.32272802   0.00000000  -0.08583709  -0.09923154  -0.03298276  -0.08583709  -0.09923154  -0.03298276
    -0.50159226|  0.00000000   0.00000000  -0.00000000   0.00000000   0.29303070  -0.00000000  -0.00000000   0.00000000   0.43993450   0.00000000   0.00000000   0.00000000   0.48792349  -0.00000000  -0.00000000  -0.00000000   0.00000000  -0.00000000   0.00000000
     0.14242908| -0.03428143  -0.05603610   0.04458485   0.06308611  -0.00000000   0.10769759   0.07405475   0.10478504   0.00000000   0.87234651   0.12439656   0.17601706  -0.00000000  -0.03934255   0.02991838  -0.83078970  -0.03934255   0.02991838  -0.83078970
     0.21262627| -0.00000000  -0.00000000  -0.10073763   0.07119432  -0.00000000   0.00000000  -0.11697606   0.08267051   0.00000000   0.00000000  -0.42433459   0.29989004   0.00000000   0.02318839  -0.10358912   1.51663912  -0.02318839   0.10358912  -1.51663913
     0.56880186|  0.00000000   0.00000000  -0.10742705   0.07592192   0.00000000  -0.00000001  -0.16064713   0.11353415   0.00000000  -0.00000007  -0.93125734   0.65814754  -0.00000000   0.08055366   1.47270578  -0.76937117  -0.08055365  -1.47270554   0.76937108
     0.58138792|  0.03299051   0.05746617  -0.05834360  -0.08255430  -0.00000000  -0.14585470  -0.09465784  -0.13393777  -0.00000000  -1.12527169  -0.51562548  -0.72959332   0.00000000   0.07828898   1.65105999  -0.63324385   0.07828899   1.65106021  -0.63324396
     1.00168279| -0.00000000  -0.00000000  -0.00000000  -0.00000000   0.24094532  -0.00000000  -0.00000000  -0.00000000   0.83739210   0.00000000   0.00000000   0.00000000  -1.13637711  -0.00000000  -0.00000000   0.00000000  -0.00000000  -0.00000000  -0.00000000
     1.02350873|  0.01761861   0.03090884   0.13251028   0.18749771   0.00000000  -0.10969183   0.48640697   0.68824994   0.00000000  -0.33344063  -0.78492435  -1.11064227  -0.00000000   0.04499419   0.27441689   0.08047406   0.04499419   0.27441689   0.08047407
     1.15293017|  0.00000000   0.00000000   0.19357936  -0.13680836  -0.00000000  -0.00000000   0.74323820  -0.52526883  -0.00000000   0.00000000  -1.42676580   1.00833838   0.00000000   0.02822137   0.21498917   0.72703547  -0.02822138  -0.21498916  -0.72703547
     1.43184704| -0.11869597  -0.25048030   0.02431096   0.03439921   0.00000000   1.81530733   0.07169703   0.10144896   0.00000000  -2.81705154  -0.39589249  -0.56017491  -0.00000000  -0.00418942   0.63156175   0.34096085  -0.00418942   0.63156175   0.34096086
     2.45193537|  0.00916439   0.00798323  -0.08510858  -0.12042585  -0.00000000   0.11363430  -0.01057219  -0.01495930   0.00000000   0.43169714   0.20245824   0.28647178   0.00000000   1.09226122  -1.58281287   0.49604947   1.09226122  -1.58281286   0.49604947
     2.51345676| -0.00000000  -0.00000000  -0.15111135   0.10679495  -0.00000000   0.00000000   0.03260464  -0.02304268   0.00000000  -0.00000001   0.24540187  -0.17343290  -0.00000000   1.10815569  -1.63011574   0.77730820  -1.10815570   1.63011576  -0.77730820
     5.30818282|  0.00000000   0.00000000   0.00000000   0.00000000  -1.27014605  -0.00000000  -0.00000000  -0.00000000   1.37005092   0.00000000   0.00000000   0.00000000  -0.52382250   0.00000000  -0.00000000   0.00000000   0.00000000  -0.00000000   0.00000000
     5.41039040| -0.00406054  -0.01019000  -0.73445845  -1.03923465  -0.00000000   0.07419503   0.81157862   1.14835717   0.00000000  -0.30299819  -0.38098819  -0.53908581  -0.00000000  -0.21094512   0.31981562  -0.01502670  -0.21094512   0.31981562  -0.01502670
     5.55895507| -0.00000000  -0.00000000   1.04770447  -0.74044432  -0.00000000   0.00000000  -1.20971822   0.85494433   0.00000000  -0.00000000   0.66948933  -0.47314829  -0.00000000   0.26856729  -0.32822364  -0.15227990  -0.26856730   0.32822364   0.15227990
    51.43184531| -2.24643515   2.32895191   0.00242872   0.00343656   0.00000000  -0.24325335  -0.00763183  -0.01079880  -0.00000000   0.23877618   0.02630668   0.03722309   0.00000000   0.00470806  -0.03763428  -0.03193098   0.00470806  -0.03763428  -0.03193098

SCF converged in 31 iterations
Final E_tot = -76.010457950703 Eh

RUN END
-------
Total run time: 198.42 s
