HF PYTHON PROGRAM OUTPUT FILE
==============================

RUN INFO
--------
input file: NH3.xyz
basis type: 3-21G
number of atoms: 4
number of electrons: 10
number of basis functions: 15
maximum number of iterations: 50
energy tolerance |dE| < 1.000e-08
density tolerance p_rms < 1.000e-06

ATOM COORDINATES (BOHR)
-----------------------
 Z  sym          x               y               z
--- ----  ---------------  ---------------  ---------------
  7    N      -0.30289659       0.45330144       0.02375544
  1    H       0.32699050      -1.32835709       0.02375544
  1    H       0.32702302       1.34411867       1.56671065
  1    H       0.32702302       1.34411867      -1.51919976

CGTO BASIS SET
--------------
[      X            Y            Z     ]  (i, j, k)  (    coeff   ,     alpha   )
----------------------------------------  ---------  ----------------------------
[ -0.30289659   0.45330144   0.02375544], (0, 0, 0), (  0.05986570, 242.76600000), (  0.35295500,  36.48510000), (  0.70651301,   7.81449000)
[ -0.30289659   0.45330144   0.02375544], (0, 0, 0), ( -0.41330008,   5.42522000), (  1.22441727,   1.14915000)
[ -0.30289659   0.45330144   0.02375544], (1, 0, 0), (  0.23797202,   5.42522000), (  0.85895306,   1.14915000)
[ -0.30289659   0.45330144   0.02375544], (0, 1, 0), (  0.23797202,   5.42522000), (  0.85895306,   1.14915000)
[ -0.30289659   0.45330144   0.02375544], (0, 0, 1), (  0.23797202,   5.42522000), (  0.85895306,   1.14915000)
[ -0.30289659   0.45330144   0.02375544], (0, 0, 0), (  1.00000000,   0.28320500)
[ -0.30289659   0.45330144   0.02375544], (1, 0, 0), (  1.00000000,   0.28320500)
[ -0.30289659   0.45330144   0.02375544], (0, 1, 0), (  1.00000000,   0.28320500)
[ -0.30289659   0.45330144   0.02375544], (0, 0, 1), (  1.00000000,   0.28320500)
[  0.32699050  -1.32835709   0.02375544], (0, 0, 0), (  0.15628498,   5.44717800), (  0.90469088,   0.82454724)
[  0.32699050  -1.32835709   0.02375544], (0, 0, 0), (  1.00000000,   0.18319158)
[  0.32702302   1.34411867   1.56671065], (0, 0, 0), (  0.15628498,   5.44717800), (  0.90469088,   0.82454724)
[  0.32702302   1.34411867   1.56671065], (0, 0, 0), (  1.00000000,   0.18319158)
[  0.32702302   1.34411867  -1.51919976], (0, 0, 0), (  0.15628498,   5.44717800), (  0.90469088,   0.82454724)
[  0.32702302   1.34411867  -1.51919976], (0, 0, 0), (  1.00000000,   0.18319158)

INTEGRAL BUILD TIMINGS
----------------------
S:         0.031 s
X:         0.000 s
H:         0.220 s
ERI:      36.177 s
Enuc:      0.000 s

SCF ITERATIONS
--------------
Starting with a guess from hamiltonian:

    epsilon    |            coefficients             
---------------+-------------------------------------
   -25.92821525|  0.99464464   0.04835466   0.00247903  -0.00000003  -0.00000000  -0.03229123  -0.00489979   0.00000006   0.00000000   0.00174387   0.00571899   0.00174387   0.00571899   0.00174387   0.00571899
    -7.55678908| -0.20118178   0.72039242   0.52725436  -0.00000693   0.00000000   0.21919653  -0.00951060   0.00000016   0.00000000   0.01508599  -0.02884383   0.01508598  -0.02884387   0.01508598  -0.02884387
    -7.41470240| -0.00000000  -0.00000000   0.00000000   0.00000002   1.03647430   0.00000000  -0.00000000  -0.00000000  -0.11845920  -0.00000000  -0.00000000   0.02374112   0.04820465  -0.02374112  -0.04820465
    -7.41470232|  0.00000008  -0.00000029  -0.00001302  -1.03647430   0.00000002  -0.00000011   0.00000145   0.11845916  -0.00000000   0.02741387   0.05566193  -0.01370693  -0.02783094  -0.01370693  -0.02783095
    -7.24653684|  0.12286368  -0.43393102   0.88801133  -0.00001098  -0.00000000  -0.16449524  -0.07886521   0.00000100   0.00000000  -0.00237005   0.02892632  -0.00237006   0.02892631  -0.00237006   0.02892631
    -4.22693398| -0.00000000   0.00000000  -0.00000000  -0.00000005   0.46034030  -0.00000000   0.00000000   0.00000006  -0.53745214  -0.00000007   0.00000001  -0.54119716   0.08693608   0.54119724  -0.08693609
    -4.22693397|  0.00000006  -0.00000185   0.00000497   0.46034015   0.00000005   0.00000140  -0.00000568  -0.53745177  -0.00000006   0.62492181  -0.10038500  -0.31245962   0.05019256  -0.31245950   0.05019254
    -4.20229711|  0.02388163  -0.72150078  -0.25392686   0.00000202  -0.00000000   0.52701734   0.34329762  -0.00000300   0.00000000   0.36319224   0.01744146   0.36319476   0.01744115   0.36319476   0.01744115
    -3.62913001|  0.01010494  -0.35449585   0.49170080  -0.00000587   0.00000000   0.16919224  -1.15820934   0.00001370  -0.00000000   0.14679259   0.10087945   0.14679292   0.10087965   0.14679292   0.10087965
    -3.41442302| -0.00000002  -0.00000057  -0.00000480  -0.40123178   0.00000000   0.00000068   0.00001982   1.64100957  -0.00000000   0.77998303   0.46630612  -0.38999167  -0.23315295  -0.38999167  -0.23315295
    -3.41442265| -0.00000000  -0.00000000   0.00000000   0.00000000   0.40123169   0.00000000  -0.00000000  -0.00000000  -1.64101010  -0.00000000  -0.00000000   0.67548558   0.40383311  -0.67548558  -0.40383311
    -2.98448104| -0.07604847  -0.92078095  -0.04507216   0.00000071  -0.00000000   1.57839302   0.43222349  -0.00000620   0.00000000  -0.75088816   0.11364238  -0.75088756   0.11364280  -0.75088756   0.11364280
    -2.32614607|  0.07537802   1.04610104   0.08073917  -0.00000183   0.00000000  -2.67003278  -0.44728752   0.00000920  -0.00000000  -0.05780888   0.97482699  -0.05780575   0.97481596  -0.05780575   0.97481596
    -2.31367520| -0.00000000  -0.00000000  -0.00000000  -0.00000003  -0.19152012   0.00000000   0.00000000   0.00000013   0.83431762  -0.00000009   0.00000029   0.46264325  -1.55798674  -0.46264316   1.55798645
    -2.31367516|  0.00000031   0.00000431   0.00000266   0.19152008  -0.00000003  -0.00001102  -0.00001199  -0.83431745   0.00000013   0.53421416  -1.79900418  -0.26710738   0.89950788  -0.26710753   0.89950838

 it |        E_tot (Eh) |          dE |     p_rms 
----+-------------------+-------------+-----------
  1 |    -41.4311650477 |   5.761e+01 |  8.60e-01
  2 |    -62.4055883744 |  -2.097e+01 |  7.10e-01
  3 |    -52.1252425508 |   1.028e+01 |  1.30e-01
  4 |    -57.0374612170 |  -4.912e+00 |  4.26e-02
  5 |    -55.4706072799 |   1.567e+00 |  1.06e-02
  6 |    -56.0062772221 |  -5.357e-01 |  4.50e-03
  7 |    -55.8288618231 |   1.774e-01 |  1.18e-03
  8 |    -55.8862027315 |  -5.734e-02 |  5.24e-04
  9 |    -55.8670435547 |   1.916e-02 |  1.64e-04
 10 |    -55.8732041259 |  -6.161e-03 |  8.35e-05
 11 |    -55.8711398143 |   2.064e-03 |  3.53e-05
 12 |    -55.8717997773 |  -6.600e-04 |  1.96e-05
 13 |    -55.8715762724 |   2.235e-04 |  9.85e-06
 14 |    -55.8716463841 |  -7.011e-05 |  5.44e-06
 15 |    -55.8716218848 |   2.450e-05 |  2.88e-06
 16 |    -55.8716291740 |  -7.289e-06 |  1.58e-06
 17 |    -55.8716264058 |   2.768e-06 |  8.48e-07
 18 |    -55.8716271180 |  -7.122e-07 |  4.62e-07
 19 |    -55.8716267820 |   3.361e-07 |  2.50e-07
 20 |    -55.8716268379 |  -5.593e-08 |  1.36e-07
 21 |    -55.8716267906 |   4.727e-08 |  7.37e-08
 22 |    -55.8716267906 |  -5.002e-12 |  4.00e-08

Computed molecular orbitals and energies:

    epsilon    |            coefficients             
---------------+-------------------------------------
   -15.43582361|  0.98550619   0.09808839   0.00330740  -0.00000004  -0.00000000  -0.05002745  -0.00652011   0.00000008   0.00000000   0.00143130   0.00886972   0.00143129   0.00886972   0.00143129   0.00886972
    -1.13076672| -0.21655081   0.19808895   0.07593013  -0.00000096  -0.00000000   0.65273361   0.08048921  -0.00000102  -0.00000000   0.12214545   0.02226786   0.12214544   0.02226786   0.12214544   0.02226786
    -0.61961307| -0.00000000  -0.00000000   0.00000000   0.00000000  -0.38257633   0.00000000   0.00000000   0.00000000  -0.33932447  -0.00000000  -0.00000000  -0.23315197  -0.19305203   0.23315197   0.19305203
    -0.61961294|  0.00000003  -0.00000003  -0.00000465  -0.38257633  -0.00000000  -0.00000011  -0.00000413  -0.33932451  -0.00000000   0.26922070   0.22291738  -0.13461033  -0.11145868  -0.13461033  -0.11145868
    -0.39705937|  0.06806106  -0.06655827   0.46166172  -0.00000560  -0.00000000  -0.29986293   0.60423343  -0.00000734  -0.00000000   0.04559015   0.04267609   0.04559019   0.04267612   0.04559019   0.04267612
     0.27421076|  0.14767488  -0.03340018  -0.12702504   0.00000156  -0.00000000  -1.58256276  -0.37275892   0.00000462  -0.00000000   0.03047594   0.80165855   0.03047599   0.80165872   0.03047599   0.80165872
     0.37575949|  0.00000000  -0.00000001  -0.00000361  -0.29641284  -0.00000012   0.00000004  -0.00001235  -1.01455693  -0.00000042  -0.04004117  -1.50077252   0.02002064   0.75038672   0.02002062   0.75038563
     0.37575951| -0.00000000   0.00000000   0.00000000   0.00000012  -0.29641283   0.00000000   0.00000000   0.00000042  -1.01455711   0.00000002   0.00000063   0.03467659   1.29970680  -0.03467661  -1.29970742
     1.16736601|  0.00000008  -0.00000002   0.00000097   0.08060684   0.00000000  -0.00000021  -0.00000972  -0.77350763  -0.00000000  -1.08144784   0.54463702   0.54072498  -0.27231904   0.54072498  -0.27231904
     1.16736636|  0.00000000  -0.00000000  -0.00000000  -0.00000000   0.08060663   0.00000000   0.00000000   0.00000000  -0.77350819   0.00000000  -0.00000000   0.93656210  -0.47166929  -0.93656210   0.47166929
     1.33274488|  0.10384869  -0.13240809  -0.13484055   0.00000174  -0.00000000  -0.25128424  -0.24840085   0.00000390   0.00000000   0.80235903  -0.32968393   0.80235740  -0.32968333   0.80235740  -0.32968333
     1.41514328| -0.02940964   0.04281259  -1.05800899   0.00001285  -0.00000000   0.25408795   1.05345513  -0.00001292   0.00000000  -0.07083441  -0.11578447  -0.07083420  -0.11578459  -0.07083420  -0.11578459
     1.59584592|  0.00000003  -0.00000007  -0.00001355  -1.11496019  -0.00000006  -0.00000009   0.00001689   1.39610317   0.00000007  -0.20352469   0.93188369   0.10176256  -0.46594190   0.10176254  -0.46594181
     1.59584597|  0.00000000   0.00000000  -0.00000000  -0.00000006   1.11496025  -0.00000000   0.00000000   0.00000007  -1.39610360  -0.00000001   0.00000005  -0.17625743   0.80703492   0.17625744  -0.80703496
     2.59117965|  0.02861572  -1.79561249  -0.09358436   0.00000122   0.00000000   2.61767651   0.41289299  -0.00000542  -0.00000000  -0.23268811  -0.45631194  -0.23268787  -0.45631193  -0.23268787  -0.45631193

SCF converged in 22 iterations
Final E_tot = -55.871626776997 Eh

RUN END
-------
Total run time: 36.46 s
