HF PYTHON PROGRAM OUTPUT FILE
==============================

RUN INFO
--------
input file: NH3.xyz
basis type: STO-3G
number of atoms: 4
number of electrons: 10
number of basis functions: 8
maximum number of iterations: 50
energy tolerance |dE| < 1.000e-08
density tolerance p_rms < 1.000e-06

ATOM COORDINATES (BOHR)
-----------------------
 Z  sym          x               y               z
--- ----  ---------------  ---------------  ---------------
  7    N      -0.30289659       0.45330144       0.02375544
  1    H       0.32699050      -1.32835709       0.02375544
  1    H       0.32702302       1.34411867       1.56671065
  1    H       0.32702302       1.34411867      -1.51919976

CGTO BASIS SET
--------------
[      X            Y            Z     ]  (i, j, k)  (    coeff   ,     alpha   )
----------------------------------------  ---------  ----------------------------
[ -0.30289659   0.45330144   0.02375544], (0, 0, 0), (  0.15432897,  99.10616896), (  0.53532814,  18.05231239), (  0.44463454,   4.88566024)
[ -0.30289659   0.45330144   0.02375544], (0, 0, 0), ( -0.09996723,   3.78045588), (  0.39951283,   0.87849664), (  0.70011547,   0.28571437)
[ -0.30289659   0.45330144   0.02375544], (1, 0, 0), (  0.15591627,   3.78045588), (  0.60768372,   0.87849664), (  0.39195739,   0.28571437)
[ -0.30289659   0.45330144   0.02375544], (0, 1, 0), (  0.15591627,   3.78045588), (  0.60768372,   0.87849664), (  0.39195739,   0.28571437)
[ -0.30289659   0.45330144   0.02375544], (0, 0, 1), (  0.15591627,   3.78045588), (  0.60768372,   0.87849664), (  0.39195739,   0.28571437)
[  0.32699050  -1.32835709   0.02375544], (0, 0, 0), (  0.15432897,   3.42525091), (  0.53532814,   0.62391373), (  0.44463454,   0.16885540)
[  0.32702302   1.34411867   1.56671065], (0, 0, 0), (  0.15432897,   3.42525091), (  0.53532814,   0.62391373), (  0.44463454,   0.16885540)
[  0.32702302   1.34411867  -1.51919976], (0, 0, 0), (  0.15432897,   3.42525091), (  0.53532814,   0.62391373), (  0.44463454,   0.16885540)

INTEGRAL BUILD TIMINGS
----------------------
S:         0.031 s
X:         0.000 s
H:         0.213 s
ERI:      28.897 s
Enuc:      0.000 s

SCF ITERATIONS
--------------
Starting with a guess from hamiltonian:

    epsilon    |            coefficients             
---------------+-------------------------------------
   -25.78408491| -1.00228338   0.01250027   0.00082833  -0.00000001   0.00000000  -0.00343726  -0.00343726  -0.00343726
    -7.08595515| -0.24630595   1.22210541   0.42546782  -0.00000558  -0.00000000  -0.18705017  -0.18705006  -0.18705006
    -6.62254935|  0.00000000  -0.00000000  -0.00000000  -0.00000003  -1.12563977  -0.00000001   0.20385950  -0.20385950
    -6.62254910|  0.00000007  -0.00000032  -0.00001386  -1.12563967   0.00000003  -0.23539655   0.11769830   0.11769831
    -6.30425154| -0.08137913   0.35195063  -0.93843686   0.00001147   0.00000000   0.00962799   0.00962798   0.00962798
    -3.93302703| -0.00000002   0.00000018  -0.00000582  -0.48195903   0.00000000  -1.10103557   0.55051756   0.55051756
    -3.93302691| -0.00000000   0.00000000   0.00000000   0.00000000   0.48195920   0.00000000  -0.95352463   0.95352463
    -3.85848080| -0.07605777   0.89457771   0.22289835  -0.00000273  -0.00000000  -0.72827110  -0.72827146  -0.72827146

 it |        E_tot (Eh) |          dE |     p_rms 
----+-------------------+-------------+-----------
  1 |    -50.9177834276 |   4.184e+01 |  5.82e-01
  2 |    -55.5322247197 |  -4.614e+00 |  5.35e-02
  3 |    -55.4376725892 |   9.455e-02 |  1.01e-02
  4 |    -55.4508199701 |  -1.315e-02 |  3.78e-03
  5 |    -55.4515070439 |  -6.871e-04 |  1.68e-03
  6 |    -55.4514488482 |   5.820e-05 |  7.67e-04
  7 |    -55.4513753172 |   7.353e-05 |  3.54e-04
  8 |    -55.4513353621 |   3.996e-05 |  1.64e-04
  9 |    -55.4513159553 |   1.941e-05 |  7.63e-05
 10 |    -55.4513067903 |   9.165e-06 |  3.55e-05
 11 |    -55.4513024994 |   4.291e-06 |  1.65e-05
 12 |    -55.4513004966 |   2.003e-06 |  7.69e-06
 13 |    -55.4512995628 |   9.338e-07 |  3.58e-06
 14 |    -55.4512991277 |   4.352e-07 |  1.67e-06
 15 |    -55.4512989249 |   2.028e-07 |  7.77e-07
 16 |    -55.4512988304 |   9.448e-08 |  3.62e-07
 17 |    -55.4512987864 |   4.402e-08 |  1.69e-07
 18 |    -55.4512987659 |   2.051e-08 |  7.86e-08
 19 |    -55.4512987563 |   9.558e-09 |  3.66e-08

Computed molecular orbitals and energies:

    epsilon    |            coefficients             
---------------+-------------------------------------
   -15.29612171| -0.99331815  -0.03251062  -0.00456620   0.00000006   0.00000000   0.00681756   0.00681756   0.00681756
    -1.08817615|  0.22031217  -0.73376760  -0.12570577   0.00000159   0.00000000  -0.16135833  -0.16135832  -0.16135832
    -0.58019740|  0.00000000  -0.00000000  -0.00000000  -0.00000000  -0.59191488   0.00000000  -0.42507777   0.42507777
    -0.58019726| -0.00000003   0.00000013   0.00000720   0.59191495  -0.00000000  -0.49083760   0.24541878   0.24541878
    -0.34516258|  0.08001392  -0.40205894   0.91548599  -0.00001112   0.00000000   0.10649179   0.10649186   0.10649186
     0.64506119| -0.18980336   1.31023402   0.50737913  -0.00000567  -0.00000000  -0.72666836  -0.72666939  -0.72666939
     0.75536753|  0.00000012  -0.00000084   0.00001274   1.07190758   0.00000000   1.01329659  -0.50664757  -0.50664757
     0.75536773| -0.00000000   0.00000000  -0.00000000  -0.00000000   1.07190780  -0.00000000  -0.87754020   0.87754020

SCF converged in 19 iterations
Final E_tot = -55.451298747973 Eh

RUN END
-------
Total run time: 29.16 s
