HF PYTHON PROGRAM OUTPUT FILE
==============================

RUN INFO
--------
input file: NH3.xyz
basis type: 6-311G
number of atoms: 4
number of electrons: 10
number of basis functions: 22
maximum number of iterations: 50
energy tolerance |dE| < 1.000e-08
density tolerance p_rms < 1.000e-06

ATOM COORDINATES (BOHR)
-----------------------
 Z  sym          x               y               z
--- ----  ---------------  ---------------  ---------------
  7    N      -0.30289659       0.45330144       0.02375544
  1    H       0.32699050      -1.32835709       0.02375544
  1    H       0.32702302       1.34411867       1.56671065
  1    H       0.32702302       1.34411867      -1.51919976

CGTO BASIS SET
--------------
[      X            Y            Z     ]  (i, j, k)  (    coeff   ,     alpha   )
----------------------------------------  ---------  ----------------------------
[ -0.30289659   0.45330144   0.02375544], (0, 0, 0), (  0.00196979, 6293.48000000), (  0.01496130, 949.04400000), (  0.07350060, 218.77600000), (  0.24893700,  63.69160000), (  0.60246000,  18.82820000), (  0.25620200,   2.72023000)
[ -0.30289659   0.45330144   0.02375544], (0, 0, 0), (  0.11190600,  30.63310000), (  0.92166600,   7.02614000), ( -0.00256919,   2.11205000)
[ -0.30289659   0.45330144   0.02375544], (1, 0, 0), (  0.03831190,  30.63310000), (  0.23740300,   7.02614000), (  0.81759200,   2.11205000)
[ -0.30289659   0.45330144   0.02375544], (0, 1, 0), (  0.03831190,  30.63310000), (  0.23740300,   7.02614000), (  0.81759200,   2.11205000)
[ -0.30289659   0.45330144   0.02375544], (0, 0, 1), (  0.03831190,  30.63310000), (  0.23740300,   7.02614000), (  0.81759200,   2.11205000)
[ -0.30289659   0.45330144   0.02375544], (0, 0, 0), (  1.00000000,   0.68400900)
[ -0.30289659   0.45330144   0.02375544], (1, 0, 0), (  1.00000000,   0.68400900)
[ -0.30289659   0.45330144   0.02375544], (0, 1, 0), (  1.00000000,   0.68400900)
[ -0.30289659   0.45330144   0.02375544], (0, 0, 1), (  1.00000000,   0.68400900)
[ -0.30289659   0.45330144   0.02375544], (0, 0, 0), (  1.00000000,   0.20087800)
[ -0.30289659   0.45330144   0.02375544], (1, 0, 0), (  1.00000000,   0.20087800)
[ -0.30289659   0.45330144   0.02375544], (0, 1, 0), (  1.00000000,   0.20087800)
[ -0.30289659   0.45330144   0.02375544], (0, 0, 1), (  1.00000000,   0.20087800)
[  0.32699050  -1.32835709   0.02375544], (0, 0, 0), (  0.02549380,  33.86500000), (  0.19037300,   5.09479000), (  0.85216100,   1.15879000)
[  0.32699050  -1.32835709   0.02375544], (0, 0, 0), (  1.00000000,   0.32584000)
[  0.32699050  -1.32835709   0.02375544], (0, 0, 0), (  1.00000000,   0.10274100)
[  0.32702302   1.34411867   1.56671065], (0, 0, 0), (  0.02549380,  33.86500000), (  0.19037300,   5.09479000), (  0.85216100,   1.15879000)
[  0.32702302   1.34411867   1.56671065], (0, 0, 0), (  1.00000000,   0.32584000)
[  0.32702302   1.34411867   1.56671065], (0, 0, 0), (  1.00000000,   0.10274100)
[  0.32702302   1.34411867  -1.51919976], (0, 0, 0), (  0.02549380,  33.86500000), (  0.19037300,   5.09479000), (  0.85216100,   1.15879000)
[  0.32702302   1.34411867  -1.51919976], (0, 0, 0), (  1.00000000,   0.32584000)
[  0.32702302   1.34411867  -1.51919976], (0, 0, 0), (  1.00000000,   0.10274100)

INTEGRAL BUILD TIMINGS
----------------------
S:         0.230 s
X:         0.001 s
H:         2.256 s
ERI:     388.781 s
Enuc:      0.000 s

SCF ITERATIONS
--------------
Starting with a guess from hamiltonian:

    epsilon    |            coefficients             
---------------+-------------------------------------
   -26.07110934|  0.61651072   0.42582947   0.00276735  -0.00000004  -0.00000000  -0.05265726  -0.00247266   0.00000003   0.00000000   0.03957015   0.00528241  -0.00000007  -0.00000000   0.00192080  -0.00471686  -0.00449655   0.00192080  -0.00471686  -0.00449656   0.00192080  -0.00471686  -0.00449656
    -7.72692285| -0.10862477  -0.10448941   0.73135313  -0.00001141   0.00000000   0.64053216   0.19956419  -0.00000308   0.00000000  -0.18624262  -0.02734794   0.00000039  -0.00000000   0.00718517   0.01216875   0.02309233   0.00718508   0.01216876   0.02309231   0.00718508   0.01216876   0.02309231
    -7.71266150|  0.00000000   0.00000000  -0.00000000  -0.00000003  -0.85117821  -0.00000000  -0.00000000  -0.00000001  -0.21563628  -0.00000000   0.00000000   0.00000000   0.01158416   0.00000000  -0.00000000   0.00000000  -0.01925709   0.00480415  -0.00544532   0.01925709  -0.00480415   0.00544532
    -7.71266144| -0.00000028  -0.00000027   0.00001262   0.85117822  -0.00000003   0.00000167   0.00000323   0.21563627  -0.00000001  -0.00000048  -0.00000021  -0.01158416   0.00000000  -0.02223615   0.00554738  -0.00628765   0.01111810  -0.00277365   0.00314392   0.01111811  -0.00277365   0.00314392
    -7.44644245| -0.18728301  -0.17945003  -0.45845741   0.00000577   0.00000000   1.11430769  -0.05951507   0.00000075   0.00000000  -0.34454307  -0.04535920   0.00000059  -0.00000000   0.00129594   0.03698912   0.03785619   0.00129596   0.03698909   0.03785620   0.00129596   0.03698909   0.03785620
    -4.44930017| -0.00000000   0.00000000  -0.00000000  -0.00000000  -0.60459873  -0.00000000   0.00000000   0.00000000   0.54908987   0.00000000   0.00000000   0.00000000   0.13285408  -0.00000000  -0.00000000   0.00000000   0.30255528   0.19260741  -0.08253335  -0.30255528  -0.19260741   0.08253335
    -4.44930007|  0.00000005   0.00000004   0.00000716   0.60459864  -0.00000000  -0.00000044  -0.00000650  -0.54908980   0.00000000   0.00000050  -0.00000149  -0.13285406   0.00000000   0.34936095   0.22240399  -0.09530139  -0.17468027  -0.11120196   0.04765062  -0.17468028  -0.11120196   0.04765062
    -4.29887046|  0.07647508   0.06412071  -0.46744554   0.00000542   0.00000000  -0.78890798   0.44823178  -0.00000520   0.00000000   0.95108427   0.30600239  -0.00000379   0.00000000   0.23794080   0.01768400  -0.08887719   0.23794115   0.01768432  -0.08887728   0.23794115   0.01768432  -0.08887728
    -3.82370656|  0.06256445   0.05475227   0.57943154  -0.00000700  -0.00000000  -0.72358828  -0.68540843   0.00000829   0.00000000   0.76437328  -0.37197440   0.00000430   0.00000000   0.13287497   0.14302764  -0.06677960   0.13287514   0.14302795  -0.06677960   0.13287514   0.14302795  -0.06677960
    -3.47112260| -0.00000004  -0.00000004   0.00000521   0.43168450  -0.00000000   0.00000074  -0.00000691  -0.57344332   0.00000001  -0.00000161  -0.00001515  -1.22342779   0.00000001  -0.38902175  -0.95812949  -0.11506417   0.19451106   0.47906513   0.05753215   0.19451107   0.47906515   0.05753216
    -3.47112227| -0.00000000   0.00000000   0.00000000   0.00000000   0.43168437   0.00000000  -0.00000000  -0.00000001  -0.57344320  -0.00000000  -0.00000000  -0.00000001  -1.22342881  -0.00000000  -0.00000001  -0.00000000   0.33690279   0.82976539   0.09964862  -0.33690278  -0.82976537  -0.09964862
    -3.21434487|  0.04103873   0.04275674  -0.05596916   0.00000094  -0.00000000  -0.98240988   0.07607745  -0.00000128   0.00000000   3.12578256   0.77488269  -0.00001079  -0.00000000  -0.33402526  -0.93244893  -0.04012843  -0.33402497  -0.93244766  -0.04012823  -0.33402497  -0.93244766  -0.04012823
    -2.58303991|  0.00000000   0.00000000   0.00000000   0.00000001  -0.60137976  -0.00000000  -0.00000000  -0.00000002   1.26205424   0.00000000   0.00000000   0.00000002  -1.05193716   0.00000000  -0.00000000  -0.00000001   0.11411135  -0.04254162  -0.28306499  -0.11411135   0.04254162   0.28306499
    -2.58303983|  0.00000002   0.00000001   0.00000717   0.60137975   0.00000001  -0.00000016  -0.00001504  -1.26205422  -0.00000002   0.00000052   0.00001257   1.05193697   0.00000002   0.13176456  -0.04912308  -0.32685562  -0.06588215   0.02456138   0.16342762  -0.06588215   0.02456138   0.16342760
    -2.48767851| -0.02435719  -0.01488483   0.61834718  -0.00000732  -0.00000000   0.30875696  -1.30676468   0.00001548   0.00000000  -1.01810011   1.00645014  -0.00001181  -0.00000000  -0.08227483   0.19460382   0.23958748  -0.08227488   0.19460379   0.23958772  -0.08227488   0.19460379   0.23958772
    -2.22734462|  0.03886678   0.02960764   0.35260255  -0.00000438  -0.00000000  -0.62881357  -0.75684249   0.00000941   0.00000000   2.50553619   1.01738724  -0.00001278  -0.00000000   0.24947236  -0.50964551  -0.66550411   0.24947242  -0.50964542  -0.66550436   0.24947242  -0.50964542  -0.66550436
    -1.87903730| -0.00000000   0.00000000  -0.00000613  -0.50331756   0.00000001  -0.00000004   0.00001419   1.16643437  -0.00000002   0.00000012  -0.00002279  -1.87501818   0.00000003   0.55032778  -0.61243361  -1.75526294  -0.27516393   0.30621684   0.87763135  -0.27516394   0.30621686   0.87763141
    -1.87903722|  0.00000000   0.00000000   0.00000000   0.00000001   0.50331762  -0.00000000  -0.00000000  -0.00000002  -1.16643454   0.00000000   0.00000000   0.00000003   1.87501867  -0.00000001   0.00000001   0.00000003   0.47659780  -0.53038304  -1.52010223  -0.47659779   0.53038303   1.52010220
    -1.54365023| -0.00098003  -0.00773985   0.07617864  -0.00000103  -0.00000000   0.23257925  -0.08254099   0.00000119   0.00000000   1.02156820   0.55518624  -0.00000752  -0.00000000   0.76694943  -1.80719958   0.64111575   0.76694912  -1.80719879   0.64111580   0.76694912  -1.80719879   0.64111580
    -1.41280774|  0.00000000   0.00000000  -0.00000000  -0.00000000  -0.05071307  -0.00000000  -0.00000000  -0.00000000  -0.11836522   0.00000000  -0.00000000  -0.00000000  -0.15776401   0.00000003  -0.00000007   0.00000005  -0.95078134   1.88960709  -1.49513801   0.95078131  -1.88960702   1.49513796
    -1.41280771| -0.00000000  -0.00000000   0.00000062   0.05071291  -0.00000000   0.00000009   0.00000145   0.11836554  -0.00000000  -0.00000009   0.00000193   0.15776326  -0.00000000  -1.09786749   2.18192997  -1.72643732   0.54893385  -1.09096520   0.86321880   0.54893391  -1.09096532   0.86321889
    23.44575758|  2.12263932  -2.27897509  -0.00555268   0.00000007   0.00000000   0.42687340   0.01660912  -0.00000021  -0.00000000  -0.48190324  -0.06385702   0.00000083   0.00000000  -0.01960534   0.06022625   0.05905173  -0.01960534   0.06022620   0.05905175  -0.01960534   0.06022620   0.05905175

 it |        E_tot (Eh) |          dE |     p_rms 
----+-------------------+-------------+-----------
  1 |    -37.3108919990 |   6.394e+01 |  5.55e-01
  2 |    -65.6778349403 |  -2.837e+01 |  4.86e-01
  3 |    -50.4432493243 |   1.523e+01 |  1.04e-01
  4 |    -58.6624336471 |  -8.219e+00 |  6.49e-02
  5 |    -55.0903268998 |   3.572e+00 |  1.80e-02
  6 |    -56.6121869219 |  -1.522e+00 |  9.27e-03
  7 |    -56.0116716252 |   6.005e-01 |  3.05e-03
  8 |    -56.2471725806 |  -2.355e-01 |  1.51e-03
  9 |    -56.1541166493 |   9.306e-02 |  5.86e-04
 10 |    -56.1901907679 |  -3.607e-02 |  3.04e-04
 11 |    -56.1759123308 |   1.428e-02 |  1.40e-04
 12 |    -56.1814248837 |  -5.513e-03 |  7.71e-05
 13 |    -56.1792323961 |   2.192e-03 |  3.97e-05
 14 |    -56.1800718389 |  -8.394e-04 |  2.22e-05
 15 |    -56.1797338435 |   3.380e-04 |  1.20e-05
 16 |    -56.1798608834 |  -1.270e-04 |  6.69e-06
 17 |    -56.1798083642 |   5.252e-05 |  3.67e-06
 18 |    -56.1798273569 |  -1.899e-05 |  2.04e-06
 19 |    -56.1798190714 |   8.285e-06 |  1.13e-06
 20 |    -56.1798218391 |  -2.768e-06 |  6.27e-07
 21 |    -56.1798204944 |   1.345e-06 |  3.47e-07
 22 |    -56.1798208752 |  -3.808e-07 |  1.93e-07
 23 |    -56.1798206458 |   2.294e-07 |  1.07e-07
 24 |    -56.1798206909 |  -4.514e-08 |  5.93e-08
 25 |    -56.1798206485 |   4.240e-08 |  3.29e-08
 26 |    -56.1798206514 |  -2.866e-09 |  1.82e-08

Computed molecular orbitals and energies:

    epsilon    |            coefficients             
---------------+-------------------------------------
   -15.52760036|  0.55759712   0.46824025   0.00241598  -0.00000003  -0.00000000   0.00511818  -0.00088984   0.00000001   0.00000000  -0.00028731   0.00029767  -0.00000000  -0.00000000   0.00026814  -0.00005495   0.00010645   0.00026814  -0.00005495   0.00010645   0.00026814  -0.00005495   0.00010645
    -1.14807793|  0.10787577   0.18041817  -0.03522209   0.00000045   0.00000000  -0.48620651  -0.07882852   0.00000100   0.00000000  -0.41377230  -0.04403215   0.00000056   0.00000000  -0.09469307  -0.05494504   0.00223067  -0.09469306  -0.05494504   0.00223067  -0.09469306  -0.05494504   0.00223067
    -0.63384520|  0.00000000   0.00000000   0.00000000   0.00000000   0.20421838   0.00000000   0.00000000   0.00000000   0.34399926  -0.00000000  -0.00000000   0.00000000   0.21102560  -0.00000000  -0.00000000  -0.00000000   0.15404385   0.20724585   0.06934905  -0.15404385  -0.20724585  -0.06934905
    -0.63384506| -0.00000002  -0.00000003   0.00000248   0.20421839  -0.00000000   0.00000007   0.00000418   0.34399926  -0.00000000   0.00000010   0.00000257   0.21102567  -0.00000000  -0.17787451  -0.23930694  -0.08007745   0.08893725   0.11965344   0.04003872   0.08893725   0.11965344   0.04003872
    -0.41164096| -0.03229438  -0.05497410  -0.25436293   0.00000309   0.00000000   0.17152494  -0.38632663   0.00000469   0.00000000   0.14334596  -0.51276897   0.00000626   0.00000000  -0.03753389   0.00291241  -0.02294028  -0.03753391   0.00291237  -0.02294031  -0.03753391   0.00291237  -0.02294031
     0.15411877| -0.04285931  -0.06916471   0.04802353  -0.00000060   0.00000000   0.10360765   0.08620916  -0.00000108   0.00000000   1.29833863   0.18960460  -0.00000238   0.00000000  -0.02349707   0.01110915  -0.70439486  -0.02349708   0.01110909  -0.70439481  -0.02349708   0.01110909  -0.70439481
     0.22914692|  0.00000000  -0.00000000  -0.00000000  -0.00000000   0.12558120   0.00000000  -0.00000000  -0.00000000   0.12730854  -0.00000000  -0.00000000  -0.00000002   0.71880966  -0.00000000   0.00000000  -0.00000004  -0.01417819   0.11703480  -1.65741783   0.01417819  -0.11703481   1.65741787
     0.22914694| -0.00000001  -0.00000001   0.00000154   0.12558122   0.00000000   0.00000003   0.00000156   0.12730856   0.00000000   0.00000016   0.00000878   0.71880965   0.00000002   0.01637158  -0.13514015   1.91382164  -0.00818581   0.06757007  -0.95691096  -0.00818580   0.06757006  -0.95691089
     0.52403187| -0.00000003  -0.00000005   0.00000100   0.08058614   0.00000000   0.00000010   0.00000127   0.10248008   0.00000000   0.00000091   0.00001782   1.42662961   0.00000003   0.08021657   1.58336229  -0.44615599  -0.04010837  -0.79168227   0.22307836  -0.04010836  -0.79168221   0.22307834
     0.52403202|  0.00000000   0.00000000  -0.00000000  -0.00000000   0.08058616  -0.00000000  -0.00000000  -0.00000000   0.10248011   0.00000000  -0.00000000  -0.00000003   1.42663079  -0.00000000  -0.00000003   0.00000001  -0.06946957  -1.37123314   0.38638214   0.06946958   1.37123318  -0.38638215
     0.64443410|  0.04771559   0.08480197  -0.01778351   0.00000030   0.00000000  -0.19311134  -0.01396249   0.00000030   0.00000000  -1.92832350  -0.90523648   0.00001266   0.00000000   0.05238259   1.47542469  -0.34399328   0.05238255   1.47542269  -0.34399307   0.05238255   1.47542269  -0.34399307
     0.82975980|  0.00082087   0.00523363  -0.23703360   0.00000290   0.00000000  -0.07410372  -0.91066726   0.00001113   0.00000000   0.25244576   1.15362026  -0.00001408  -0.00000000   0.00212217   0.07022190  -0.16524176   0.00212217   0.07022186  -0.16524174   0.00212217   0.07022186  -0.16524174
     0.97390676| -0.00000000  -0.00000000  -0.00000000  -0.00000002   0.24928487   0.00000000  -0.00000000  -0.00000008   1.01382789  -0.00000000   0.00000000   0.00000013  -1.63120451  -0.00000000  -0.00000002   0.00000010  -0.01153953  -0.18061849   1.08305848   0.01153953   0.18061850  -1.08305858
     0.97390676|  0.00000000   0.00000000  -0.00000304  -0.24928487  -0.00000002   0.00000004  -0.00001237  -1.01382786  -0.00000008  -0.00000031   0.00001980   1.63120420   0.00000013  -0.01332471  -0.20856032   1.25060842   0.00666238   0.10428038  -0.62530428   0.00666237   0.10428035  -0.62530411
     1.22688235|  0.12073434   0.26455231  -0.01941037   0.00000023   0.00000000  -2.01319774  -0.01703826   0.00000020   0.00000000   3.62690220   0.50205672  -0.00000658  -0.00000000  -0.01407333  -0.52880659  -0.42983813  -0.01407332  -0.52880617  -0.42983830  -0.01407332  -0.52880617  -0.42983830
     2.50736985|  0.02561251   0.03317646  -0.14594251   0.00000165  -0.00000000  -0.00075211   0.06055587  -0.00000062   0.00000000   0.98100593   0.33093228  -0.00000408   0.00000000   0.89676703  -1.39791366   0.31863856   0.89676876  -1.39791604   0.31863975   0.89676876  -1.39791604   0.31863975
     2.56254973|  0.00000002   0.00000003   0.00000289   0.24916107   0.00000003  -0.00000004  -0.00000198  -0.16809591  -0.00000002   0.00000099  -0.00000296  -0.26895205  -0.00000003   1.26585646  -1.83219501   0.81302666  -0.63292714   0.91609576  -0.40651301  -0.63292691   0.91609543  -0.40651286
     2.56254982|  0.00000000   0.00000000  -0.00000000  -0.00000003   0.24916123  -0.00000000   0.00000000   0.00000002  -0.16809597   0.00000000   0.00000000   0.00000003  -0.26895232  -0.00000013   0.00000019  -0.00000009  -1.09626305   1.58672615  -0.70410121   1.09626318  -1.58672634   0.70410130
     4.19514254| -0.00572482  -0.01204324  -1.29170696   0.00001553   0.00000000   0.07003910   1.41803660  -0.00001705  -0.00000000  -0.29138861  -0.61672725   0.00000743   0.00000000  -0.15866954   0.19472704   0.00944998  -0.15866961   0.19472707   0.00945006  -0.15866961   0.19472707   0.00945006
     4.41891486|  0.00000000   0.00000001  -0.00001572  -1.30604719  -0.00000002  -0.00000003   0.00001881   1.56302525   0.00000003   0.00000021  -0.00001096  -0.91217335  -0.00000001   0.39813465  -0.35044803  -0.31227484  -0.19906714   0.17522375   0.15613745  -0.19906713   0.17522374   0.15613744
     4.41891508| -0.00000000  -0.00000000  -0.00000000  -0.00000002   1.30604718   0.00000000   0.00000000   0.00000003  -1.56302534  -0.00000000  -0.00000000  -0.00000001   0.91217361   0.00000001  -0.00000001  -0.00000001   0.34479483  -0.30349704  -0.27043788  -0.34479484   0.30349705   0.27043788
    36.70039597| -2.14549169   2.25615072   0.00506195  -0.00000006  -0.00000000  -0.34005792  -0.01420103   0.00000018   0.00000000   0.37825841   0.05063360  -0.00000066  -0.00000000   0.01609711  -0.04790149  -0.04527230   0.01609711  -0.04790145  -0.04527232   0.01609711  -0.04790145  -0.04527232

SCF converged in 26 iterations
Final E_tot = -56.179820638299 Eh

RUN END
-------
Total run time: 391.32 s
